<?xml version="1.0" encoding="UTF-8"?>
<!-- Generated by org.testng.reporters.JUnitReportReporter -->
<testsuite hostname="DESKTOP-JHAC5B1" failures="0" tests="1" name="com.inetbanking.testCases.TC_Private_Car_Package_Old_Veh_003" time="203.311" errors="0" timestamp="2022-07-14T18:46:32 IST" skipped="0">
  <testcase classname="com.inetbanking.testCases.TC_Private_Car_Package_Old_Veh_003" name="private_Car_Package_Old_Veh" time="203.311"/>
  <system-out/>
</testsuite> <!-- com.inetbanking.testCases.TC_Private_Car_Package_Old_Veh_003 -->
